{
  "stats": {
    "suites": 0,
    "tests": 1,
    "passes": 1,
    "pending": 0,
    "failures": 0,
    "start": "2022-11-16T14:12:10.693Z",
    "end": "2022-11-16T14:12:18.853Z",
    "duration": 8160,
    "testsRegistered": 1,
    "passPercent": 100,
    "pendingPercent": 0,
    "other": 0,
    "hasOther": false,
    "skipped": 0,
    "hasSkipped": false
  },
  "results": [
    {
      "uuid": "e644b404-9506-4650-af27-d7b1aba113a8",
      "title": "",
      "fullFile": "cypress/integration/Test1.spec.js",
      "file": "cypress/integration/Test1.spec.js",
      "beforeHooks": [],
      "afterHooks": [],
      "tests": [
        {
          "title": "website",
          "fullTitle": "website",
          "timedOut": null,
          "duration": 5623,
          "state": "passed",
          "speed": "medium",
          "pass": true,
          "fail": false,
          "pending": false,
          "context": null,
          "code": "cy.visit('https://demo.nopcommerce.com/'); // searchBox = '#small-searchterms'\ncy.get('#small-searchterms').type('macbook{enter}');\ncy.contains('MacBook', {\n  timeoput: 6000\n}).should('be.visible').click();",
          "err": {},
          "uuid": "e6dd2966-f444-4f7e-b541-a454c48605d4",
          "parentUUID": "e644b404-9506-4650-af27-d7b1aba113a8",
          "isHook": false,
          "skipped": false
        }
      ],
      "suites": [],
      "passes": [
        "e6dd2966-f444-4f7e-b541-a454c48605d4"
      ],
      "failures": [],
      "pending": [],
      "skipped": [],
      "duration": 5623,
      "root": true,
      "rootEmpty": false,
      "_timeout": 2000
    }
  ],
  "meta": {
    "mocha": {
      "version": "7.0.1"
    },
    "mochawesome": {
      "options": {
        "quiet": false,
        "reportFilename": "report",
        "saveHtml": true,
        "saveJson": true,
        "consoleReporter": "spec",
        "useInlineDiffs": false,
        "code": true
      },
      "version": "7.1.3"
    },
    "marge": {
      "options": {
        "charts": true,
        "overwrite": false,
        "html": true,
        "json": true,
        "reportDir": "cypress/reports/mocha-awesome-report",
        "reportFilename": "report"
      },
      "version": "6.2.0"
    }
  }
}