{
  "stats": {
    "suites": 1,
    "tests": 2,
    "passes": 2,
    "pending": 0,
    "failures": 0,
    "start": "2022-11-16T14:11:49.320Z",
    "end": "2022-11-16T14:11:59.001Z",
    "duration": 9681,
    "testsRegistered": 2,
    "passPercent": 100,
    "pendingPercent": 0,
    "other": 0,
    "hasOther": false,
    "skipped": 0,
    "hasSkipped": false
  },
  "results": [
    {
      "uuid": "b626cb1f-5ee6-4c57-b319-cc0241084914",
      "title": "",
      "fullFile": "cypress/integration/2-advanced-examples/waiting.spec.js",
      "file": "cypress/integration/2-advanced-examples/waiting.spec.js",
      "beforeHooks": [],
      "afterHooks": [],
      "tests": [],
      "suites": [
        {
          "uuid": "625939a0-693c-450c-9c79-7f35f7d2776f",
          "title": "Waiting",
          "fullFile": "",
          "file": "",
          "beforeHooks": [],
          "afterHooks": [],
          "tests": [
            {
              "title": "cy.wait() - wait for a specific amount of time",
              "fullTitle": "Waiting cy.wait() - wait for a specific amount of time",
              "timedOut": null,
              "duration": 5531,
              "state": "passed",
              "speed": "medium",
              "pass": true,
              "fail": false,
              "pending": false,
              "context": null,
              "code": "cy.get('.wait-input1').type('Wait 1000ms after typing');\ncy.wait(1000);\ncy.get('.wait-input2').type('Wait 1000ms after typing');\ncy.wait(1000);\ncy.get('.wait-input3').type('Wait 1000ms after typing');\ncy.wait(1000);",
              "err": {},
              "uuid": "c48cc8f9-fae9-45df-8ce0-a5e7f3135e4a",
              "parentUUID": "625939a0-693c-450c-9c79-7f35f7d2776f",
              "isHook": false,
              "skipped": false
            },
            {
              "title": "cy.wait() - wait for a specific route",
              "fullTitle": "Waiting cy.wait() - wait for a specific route",
              "timedOut": null,
              "duration": 1425,
              "state": "passed",
              "speed": "fast",
              "pass": true,
              "fail": false,
              "pending": false,
              "context": null,
              "code": "// Listen to GET to comments/1\ncy.intercept('GET', '**/comments/*').as('getComment'); // we have code that gets a comment when\n// the button is clicked in scripts.js\ncy.get('.network-btn').click(); // wait for GET comments/1\ncy.wait('@getComment').its('response.statusCode').should('be.oneOf', [200, 304]);",
              "err": {},
              "uuid": "814a4afe-a333-49f2-a25f-934bf4c607fc",
              "parentUUID": "625939a0-693c-450c-9c79-7f35f7d2776f",
              "isHook": false,
              "skipped": false
            }
          ],
          "suites": [],
          "passes": [
            "c48cc8f9-fae9-45df-8ce0-a5e7f3135e4a",
            "814a4afe-a333-49f2-a25f-934bf4c607fc"
          ],
          "failures": [],
          "pending": [],
          "skipped": [],
          "duration": 6956,
          "root": false,
          "rootEmpty": false,
          "_timeout": 2000
        }
      ],
      "passes": [],
      "failures": [],
      "pending": [],
      "skipped": [],
      "duration": 0,
      "root": true,
      "rootEmpty": true,
      "_timeout": 2000
    }
  ],
  "meta": {
    "mocha": {
      "version": "7.0.1"
    },
    "mochawesome": {
      "options": {
        "quiet": false,
        "reportFilename": "report",
        "saveHtml": true,
        "saveJson": true,
        "consoleReporter": "spec",
        "useInlineDiffs": false,
        "code": true
      },
      "version": "7.1.3"
    },
    "marge": {
      "options": {
        "charts": true,
        "overwrite": false,
        "html": true,
        "json": true,
        "reportDir": "cypress/reports/mocha-awesome-report",
        "reportFilename": "report"
      },
      "version": "6.2.0"
    }
  }
}