{
  "stats": {
    "suites": 0,
    "tests": 1,
    "passes": 0,
    "pending": 0,
    "failures": 1,
    "start": "2022-11-16T15:35:20.541Z",
    "end": "2022-11-16T15:35:43.593Z",
    "duration": 23052,
    "testsRegistered": 1,
    "passPercent": 0,
    "pendingPercent": 0,
    "other": 0,
    "hasOther": false,
    "skipped": 0,
    "hasSkipped": false
  },
  "results": [
    {
      "uuid": "63c4584b-e70c-42f2-ac30-7e19f955c9c8",
      "title": "",
      "fullFile": "cypress/integration/Test1.spec.js",
      "file": "cypress/integration/Test1.spec.js",
      "beforeHooks": [],
      "afterHooks": [],
      "tests": [
        {
          "title": "website",
          "fullTitle": "website",
          "timedOut": null,
          "duration": 19211,
          "state": "failed",
          "speed": null,
          "pass": false,
          "fail": true,
          "pending": false,
          "context": "{\n  \"title\": \"cypress-mochawesome-reporter-screenshots\",\n  \"value\": [\n    [\n      {\n        \"title\": \"Failed screenshot\",\n        \"value\": \"\\\\Test1.spec.js\\\\website (failed).png\"\n      }\n    ]\n  ]\n}",
          "code": "cy.visit('https://demo.nopcommerce.com/');\nconst searchBox = \"//input[contains(@class,'search-box')]\";\nconst searchButton = \"//button[contains(@class,'search-box-button')]\";\nconst searchQuery = \"Apple MacBook Pro 13-inch\";\nconst addToCartButton = \"(//button[contains(@class,'add-to-cart-button')])[1]\";\nconst shoppingCart = \"//span[contains(@class,'cart-label')]\";\nconst cartProductVerify = \"//a[@class='product-name']\";\ncy.xpath(searchBox).type(searchQuery);\ncy.xpath(searchButton).click();\ncy.contains(searchQuery, {\n  timeoput: 6000\n}).should('be.visible').click();\ncy.xpath(addToCartButton).click();\ncy.xpath(shoppingCart).click();\ncy.xpath(cartProductVerify).should('have.value', searchQuery); // expect(cartProductVerify).to.contains(searchQuery)",
          "err": {
            "message": "AssertionError: Timed out retrying after 10000ms: expected '<a.product-name>' to have value 'Apple MacBook Pro 13-inch', but the value was ''",
            "estack": "AssertionError: Timed out retrying after 10000ms: expected '<a.product-name>' to have value 'Apple MacBook Pro 13-inch', but the value was ''\n    at Context.eval (https://demo.nopcommerce.com/__cypress/tests?p=cypress\\integration\\Test1.spec.js:115:31)",
            "diff": "+ 'Apple MacBook Pro 13-inch'\n"
          },
          "uuid": "15bed9bf-cecc-494c-ba5b-66e66c67ccfa",
          "parentUUID": "63c4584b-e70c-42f2-ac30-7e19f955c9c8",
          "isHook": false,
          "skipped": false
        }
      ],
      "suites": [],
      "passes": [],
      "failures": [
        "15bed9bf-cecc-494c-ba5b-66e66c67ccfa"
      ],
      "pending": [],
      "skipped": [],
      "duration": 19211,
      "root": true,
      "rootEmpty": false,
      "_timeout": 2000
    }
  ],
  "meta": {
    "mocha": {
      "version": "7.0.1"
    },
    "mochawesome": {
      "options": {
        "quiet": false,
        "reportFilename": "report",
        "saveHtml": false,
        "saveJson": true,
        "consoleReporter": "spec",
        "useInlineDiffs": false,
        "code": true
      },
      "version": "7.1.3"
    },
    "marge": {
      "options": {
        "charts": true,
        "overwrite": false,
        "html": false,
        "json": true,
        "reportDir": "cypress/reports",
        "reportFilename": "report"
      },
      "version": "6.2.0"
    }
  }
}